<?xml version="1.0" encoding="UTF-8"?>
<!-- Generated by org.testng.reporters.JUnitReportReporter -->
<testsuite skipped="0" hostname="LSTKBG97280" name="Framework.Appium.AppTest" tests="1" failures="0" timestamp="2020-12-07T17:44:22 IST" time="43.932" errors="0">
  <testcase name="SouthwestLaunch" time="43.932" classname="Framework.Appium.AppTest"/>
  <system-out/>
</testsuite> <!-- Framework.Appium.AppTest -->
